2025-05-22 06:52:53,057 - root - INFO - Starting Cookie Violations Check API...
2025-05-22 06:52:53,058 - root - ERROR - Environment validation failed: BING_API_KEY is required in production mode
2025-05-22 06:53:24,775 - root - INFO - Starting Cookie Violations Check API...
2025-05-22 06:53:54,864 - root - ERROR - Failed to connect to MongoDB: localhost:27017: [Errno 111] Connection refused (configured timeouts: socketTimeoutMS: 20000.0ms, connectTimeoutMS: 20000.0ms), Timeout: 30s, Topology Description: <TopologyDescription id: 682e6774620f69d7e487c88f, topology_type: Unknown, servers: [<ServerDescription ('localhost', 27017) server_type: Unknown, rtt: None, error=AutoReconnect('localhost:27017: [Errno 111] Connection refused (configured timeouts: socketTimeoutMS: 20000.0ms, connectTimeoutMS: 20000.0ms)')>]>
2025-05-22 06:54:35,205 - root - INFO - Starting Cookie Violations Check API...
2025-05-22 06:55:05,283 - root - ERROR - Failed to connect to MongoDB: localhost:27017: [Errno 111] Connection refused (configured timeouts: socketTimeoutMS: 20000.0ms, connectTimeoutMS: 20000.0ms), Timeout: 30s, Topology Description: <TopologyDescription id: 682e67bb3901d0378ab0a3ee, topology_type: Unknown, servers: [<ServerDescription ('localhost', 27017) server_type: Unknown, rtt: None, error=AutoReconnect('localhost:27017: [Errno 111] Connection refused (configured timeouts: socketTimeoutMS: 20000.0ms, connectTimeoutMS: 20000.0ms)')>]>
2025-05-22 06:57:41,574 - root - INFO - Starting Cookie Violations Check API...
2025-05-22 06:57:41,585 - root - INFO - MongoDB connection established
2025-05-22 06:57:41,604 - root - INFO - Redis connection established
2025-05-22 06:57:41,605 - root - INFO - Application startup completed
2025-05-22 07:01:43,641 - root - INFO - Shutting down Cookie Violations Check API...
2025-05-22 07:01:43,656 - root - INFO - MongoDB connection closed
2025-05-22 07:01:43,657 - root - INFO - Redis connection closed
2025-05-22 07:01:43,657 - root - INFO - Application shutdown completed
2025-05-22 07:01:45,517 - root - INFO - Starting Cookie Violations Check API...
2025-05-22 07:01:45,525 - root - INFO - MongoDB connection established
2025-05-22 07:01:45,527 - root - INFO - Redis connection established
2025-05-22 07:01:45,528 - root - INFO - Application startup completed
2025-05-22 07:08:25,883 - root - INFO - Shutting down Cookie Violations Check API...
2025-05-22 07:08:25,884 - root - INFO - MongoDB connection closed
2025-05-22 07:08:25,885 - root - INFO - Redis connection closed
2025-05-22 07:08:25,885 - root - INFO - Application shutdown completed
